Mon Oct 16 12:51:04 MSK 2017 : Сетевой сервер Apache Derby Network Server - 10.10.2.0 - (1582446) запущен и готов принимать соединения на порту 1527 на {3} 
----------------------------------------------------------------
Mon Oct 16 12:51:39 MSK 2017:
 Производится загрузка Derby версии The Apache Software Foundation - Apache Derby - 10.10.2.0 - (1582446): экземпляр a816c00e-015f-2498-0a1d-ffffaad06df3
в каталоге базы данных Z:\github\hrApp\dbs\HR\hrdb sun.misc.Launcher$AppClassLoader@6f94fa3e 

java.vendor=Oracle Corporation
java.runtime.version=1.8.0_131-b11
user.dir=C:\Program Files\glassfish-4.1.1\javadb
os.name=Windows 7
os.arch=amd64
os.version=6.1
derby.system.home=Z:\github\hrApp\dbs\HR
Запущен загрузчик классов базы данных - derby.database.classpath=''
----------------------------------------------------------------
Mon Oct 16 12:52:22 MSK 2017:
Завершается работа экземпляра a816c00e-015f-2498-0a1d-ffffaad06df3
Mon Oct 16 12:52:23 MSK 2017 Thread[DRDAConnThread_2,5,main] (DATABASE = hrdb), (DRDAID = {3}), База данных 'hrdb' завершила работу.
----------------------------------------------------------------
Mon Oct 16 12:53:11 MSK 2017:
 Производится загрузка Derby версии The Apache Software Foundation - Apache Derby - 10.10.2.0 - (1582446): экземпляр 30fbc0bb-015f-2498-0a1d-ffffaad06df3
в каталоге базы данных Z:\github\hrApp\dbs\HR\hrdb sun.misc.Launcher$AppClassLoader@6f94fa3e 

java.vendor=Oracle Corporation
java.runtime.version=1.8.0_131-b11
user.dir=C:\Program Files\glassfish-4.1.1\javadb
os.name=Windows 7
os.arch=amd64
os.version=6.1
derby.system.home=Z:\github\hrApp\dbs\HR
Запущен загрузчик классов базы данных - derby.database.classpath=''
